  MushroomGenerator.cpp
C:\Users\g6you\OneDrive\Documents\openframeworks\libs\openFrameworks\math\ofMatrix4x4.h(326,20): warning C4267: 'argument': conversion from 'size_t' to 'int', possible loss of data
  (compiling source file 'src/MushroomGenerator.cpp')
  
C:\Users\g6you\OneDrive\Documents\openframeworks\libs\openFrameworks\math\ofMatrix4x4.h(331,20): warning C4267: 'argument': conversion from 'size_t' to 'int', possible loss of data
  (compiling source file 'src/MushroomGenerator.cpp')
  
C:\Users\g6you\OneDrive\Documents\openframeworks\libs\openFrameworks\math\ofMatrix4x4.h(912,11): warning C4267: 'argument': conversion from 'size_t' to 'int', possible loss of data
  (compiling source file 'src/MushroomGenerator.cpp')
  
C:\Users\g6you\OneDrive\Documents\openframeworks\libs\openFrameworks\math\ofMatrix4x4.h(913,11): warning C4267: 'argument': conversion from 'size_t' to 'int', possible loss of data
  (compiling source file 'src/MushroomGenerator.cpp')
  
C:\Users\g6you\OneDrive\Documents\openframeworks\libs\openFrameworks\math\ofMatrix4x4.h(914,11): warning C4267: 'argument': conversion from 'size_t' to 'int', possible loss of data
  (compiling source file 'src/MushroomGenerator.cpp')
  
C:\Users\g6you\OneDrive\Documents\openframeworks\libs\openFrameworks\math\ofMatrix4x4.h(915,11): warning C4267: 'argument': conversion from 'size_t' to 'int', possible loss of data
  (compiling source file 'src/MushroomGenerator.cpp')
  
G:\School\FourthYear\COMP 3009\project\src\MushroomGenerator.cpp(338,21): warning C4267: 'initializing': conversion from 'size_t' to 'int', possible loss of data
LINK : warning LNK4075: ignoring '/INCREMENTAL' due to '/FORCE' specification
  project.vcxproj -> G:\School\FourthYear\COMP 3009\project\bin\project_debug.exe
  
  	                   2	C:\Users\g6you\OneDrive\Documents\openframeworks\libs\fmod\lib\vs\x64\
  	  *EXTRA File 		 6942208	G:\School\FourthYear\COMP 3009\project\bin\FreeImage.dll
  
  	                   1	C:\Users\g6you\OneDrive\Documents\openframeworks\libs\FreeImage\lib\vs\x64\
  	  *EXTRA File 		 1826304	G:\School\FourthYear\COMP 3009\project\bin\fmod.dll
  	  *EXTRA File 		 2041856	G:\School\FourthYear\COMP 3009\project\bin\fmodL.dll
